Started GET "/" for 127.0.0.1 at 2018-03-17 02:10:48 -0700
Processing by Rails::WelcomeController#index as HTML
  Rendering C:/RailsInstaller/Ruby2.3.3/lib/ruby/gems/2.3.0/gems/railties-5.1.5/lib/rails/templates/rails/welcome/index.html.erb
  Rendered C:/RailsInstaller/Ruby2.3.3/lib/ruby/gems/2.3.0/gems/railties-5.1.5/lib/rails/templates/rails/welcome/index.html.erb (7.0ms)
Completed 200 OK in 662ms (Views: 93.2ms)


Started GET "/startup/index" for 127.0.0.1 at 2018-03-17 02:14:00 -0700
Processing by StartupController#index as HTML
  Rendering startup/index.html.erb within layouts/application
  Rendered startup/index.html.erb within layouts/application (1.0ms)
Completed 200 OK in 14317ms (Views: 14284.4ms)


Started GET "/startup/index" for 127.0.0.1 at 2018-03-17 02:21:08 -0700
Processing by StartupController#index as HTML
  Rendering startup/index.html.erb within layouts/application
  Rendered startup/index.html.erb within layouts/application (0.5ms)
Completed 200 OK in 275ms (Views: 241.4ms)


Started GET "/startup/index" for 127.0.0.1 at 2018-03-17 02:23:56 -0700
Processing by StartupController#index as HTML
  Rendering startup/index.html.erb within layouts/application
  Rendered startup/index.html.erb within layouts/application (1.0ms)
Completed 200 OK in 236ms (Views: 203.0ms)


Started GET "/startup/index" for 127.0.0.1 at 2018-03-17 02:25:57 -0700
Processing by StartupController#index as HTML
  Rendering startup/index.html.erb within layouts/application
  Rendered startup/index.html.erb within layouts/application (1.0ms)
Completed 200 OK in 255ms (Views: 219.5ms)


Started GET "/startup/index" for 127.0.0.1 at 2018-03-17 02:28:10 -0700
Processing by StartupController#index as HTML
  Rendering startup/index.html.erb within layouts/application
  Rendered startup/index.html.erb within layouts/application (1.0ms)
Completed 200 OK in 260ms (Views: 224.9ms)


Started GET "/" for 127.0.0.1 at 2018-03-17 02:29:50 -0700
Processing by Rails::WelcomeController#index as HTML
  Rendering C:/RailsInstaller/Ruby2.3.3/lib/ruby/gems/2.3.0/gems/railties-5.1.5/lib/rails/templates/rails/welcome/index.html.erb
  Rendered C:/RailsInstaller/Ruby2.3.3/lib/ruby/gems/2.3.0/gems/railties-5.1.5/lib/rails/templates/rails/welcome/index.html.erb (5.0ms)
Completed 200 OK in 145ms (Views: 71.9ms)


Started GET "/" for 127.0.0.1 at 2018-03-17 02:30:57 -0700
Processing by Rails::WelcomeController#index as HTML
  Rendering C:/RailsInstaller/Ruby2.3.3/lib/ruby/gems/2.3.0/gems/railties-5.1.5/lib/rails/templates/rails/welcome/index.html.erb
  Rendered C:/RailsInstaller/Ruby2.3.3/lib/ruby/gems/2.3.0/gems/railties-5.1.5/lib/rails/templates/rails/welcome/index.html.erb (4.0ms)
Completed 200 OK in 150ms (Views: 78.4ms)


Started GET "/startup/index" for 127.0.0.1 at 2018-03-17 02:31:06 -0700
Processing by StartupController#index as HTML
  Rendering startup/index.html.erb within layouts/application
  Rendered startup/index.html.erb within layouts/application (0.0ms)
Completed 200 OK in 327ms (Views: 259.0ms)


Started GET "/startup/vendor/font-awesome/css/font-awesome.min.css" for 127.0.0.1 at 2018-03-17 02:31:06 -0700
  
ActionController::RoutingError (No route matches [GET] "/startup/vendor/font-awesome/css/font-awesome.min.css"):
  
actionpack (5.1.5) lib/action_dispatch/middleware/debug_exceptions.rb:63:in `call'
web-console (3.5.1) lib/web_console/middleware.rb:135:in `call_app'
web-console (3.5.1) lib/web_console/middleware.rb:28:in `block in call'
web-console (3.5.1) lib/web_console/middleware.rb:18:in `catch'
web-console (3.5.1) lib/web_console/middleware.rb:18:in `call'
actionpack (5.1.5) lib/action_dispatch/middleware/show_exceptions.rb:31:in `call'
railties (5.1.5) lib/rails/rack/logger.rb:36:in `call_app'
railties (5.1.5) lib/rails/rack/logger.rb:24:in `block in call'
activesupport (5.1.5) lib/active_support/tagged_logging.rb:69:in `block in tagged'
activesupport (5.1.5) lib/active_support/tagged_logging.rb:26:in `tagged'
activesupport (5.1.5) lib/active_support/tagged_logging.rb:69:in `tagged'
railties (5.1.5) lib/rails/rack/logger.rb:24:in `call'
sprockets-rails (3.2.1) lib/sprockets/rails/quiet_assets.rb:13:in `call'
actionpack (5.1.5) lib/action_dispatch/middleware/remote_ip.rb:79:in `call'
actionpack (5.1.5) lib/action_dispatch/middleware/request_id.rb:25:in `call'
rack (2.0.4) lib/rack/method_override.rb:22:in `call'
rack (2.0.4) lib/rack/runtime.rb:22:in `call'
activesupport (5.1.5) lib/active_support/cache/strategy/local_cache_middleware.rb:27:in `call'
actionpack (5.1.5) lib/action_dispatch/middleware/executor.rb:12:in `call'
actionpack (5.1.5) lib/action_dispatch/middleware/static.rb:125:in `call'
rack (2.0.4) lib/rack/sendfile.rb:111:in `call'
railties (5.1.5) lib/rails/engine.rb:522:in `call'
puma (3.11.3) lib/puma/configuration.rb:225:in `call'
puma (3.11.3) lib/puma/server.rb:624:in `handle_request'
puma (3.11.3) lib/puma/server.rb:438:in `process_client'
puma (3.11.3) lib/puma/server.rb:302:in `block in run'
puma (3.11.3) lib/puma/thread_pool.rb:120:in `block in spawn_thread'
Started GET "/startup/index" for 127.0.0.1 at 2018-03-17 02:32:02 -0700
Processing by StartupController#index as HTML
  Rendering startup/index.html.erb within layouts/application
  Rendered startup/index.html.erb within layouts/application (0.0ms)
Completed 200 OK in 256ms (Views: 220.6ms)


Started GET "/startup/index" for 127.0.0.1 at 2018-03-17 02:32:35 -0700
Processing by StartupController#index as HTML
  Rendering startup/index.html.erb within layouts/application
  Rendered startup/index.html.erb within layouts/application (0.0ms)
Completed 200 OK in 235ms (Views: 201.9ms)


Started GET "/startup/index" for 127.0.0.1 at 2018-03-17 02:33:00 -0700
Processing by StartupController#index as HTML
  Rendering startup/index.html.erb within layouts/application
  Rendered startup/index.html.erb within layouts/application (0.0ms)
Completed 200 OK in 250ms (Views: 211.6ms)


Started GET "/startup/index" for 127.0.0.1 at 2018-03-17 02:33:36 -0700
Processing by StartupController#index as HTML
  Rendering startup/index.html.erb within layouts/application
  Rendered startup/index.html.erb within layouts/application (1.0ms)
Completed 200 OK in 261ms (Views: 226.2ms)


Started GET "/startup/index" for 127.0.0.1 at 2018-03-17 02:35:15 -0700
Processing by StartupController#index as HTML
  Rendering startup/index.html.erb within layouts/application
  Rendered startup/index.html.erb within layouts/application (1.0ms)
Completed 200 OK in 245ms (Views: 206.7ms)


Started GET "/startup/index" for 127.0.0.1 at 2018-03-17 02:35:47 -0700
Processing by StartupController#index as HTML
  Rendering startup/index.html.erb within layouts/application
  Rendered startup/index.html.erb within layouts/application (1.0ms)
Completed 200 OK in 263ms (Views: 226.3ms)


Started GET "/startup/index" for 127.0.0.1 at 2018-03-17 02:36:27 -0700
Processing by StartupController#index as HTML
  Rendering startup/index.html.erb within layouts/application
  Rendered startup/index.html.erb within layouts/application (0.5ms)
Completed 200 OK in 302ms (Views: 229.8ms)


Started GET "/startup/index" for 127.0.0.1 at 2018-03-17 02:36:34 -0700
Processing by StartupController#index as HTML
  Rendering startup/index.html.erb within layouts/application
  Rendered startup/index.html.erb within layouts/application (0.5ms)
Completed 200 OK in 265ms (Views: 226.4ms)


Started GET "/startup/index" for 127.0.0.1 at 2018-03-17 02:37:49 -0700
Processing by StartupController#index as HTML
  Rendering startup/index.html.erb within layouts/application
  Rendered startup/index.html.erb within layouts/application (1.0ms)
Completed 200 OK in 268ms (Views: 229.8ms)


Started GET "/startup/index" for 127.0.0.1 at 2018-03-17 02:38:43 -0700
Processing by StartupController#index as HTML
  Rendering startup/index.html.erb within layouts/application
  Rendered startup/index.html.erb within layouts/application (0.0ms)
Completed 200 OK in 237ms (Views: 202.6ms)


Started GET "/startup/index" for 127.0.0.1 at 2018-03-17 02:39:23 -0700
Processing by StartupController#index as HTML
  Rendering startup/index.html.erb within layouts/application
  Rendered startup/index.html.erb within layouts/application (1.0ms)
Completed 200 OK in 237ms (Views: 203.7ms)


Started GET "/startup/index" for 127.0.0.1 at 2018-03-17 02:39:53 -0700
Processing by StartupController#index as HTML
  Rendering startup/index.html.erb within layouts/application
  Rendered startup/index.html.erb within layouts/application (1.0ms)
Completed 200 OK in 263ms (Views: 226.5ms)


Started GET "/startup/index" for 127.0.0.1 at 2018-03-17 02:40:16 -0700
Processing by StartupController#index as HTML
  Rendering startup/index.html.erb within layouts/application
  Rendered startup/index.html.erb within layouts/application (1.0ms)
Completed 200 OK in 237ms (Views: 204.3ms)


Started GET "/startup/index" for 127.0.0.1 at 2018-03-17 02:41:00 -0700
Processing by StartupController#index as HTML
  Rendering startup/index.html.erb within layouts/application
  Rendered startup/index.html.erb within layouts/application (0.0ms)
Completed 200 OK in 236ms (Views: 201.7ms)


Started GET "/startup/index" for 127.0.0.1 at 2018-03-17 02:42:05 -0700
Processing by StartupController#index as HTML
  Rendering startup/index.html.erb within layouts/application
  Rendered startup/index.html.erb within layouts/application (1.0ms)
Completed 200 OK in 279ms (Views: 221.2ms)


Started GET "/startup/index" for 127.0.0.1 at 2018-03-17 02:44:04 -0700
Processing by StartupController#index as HTML
  Rendering startup/index.html.erb within layouts/application
  Rendered startup/index.html.erb within layouts/application (1.0ms)
Completed 200 OK in 247ms (Views: 213.2ms)


Started GET "/startup/index" for 127.0.0.1 at 2018-03-17 02:47:25 -0700
Processing by StartupController#index as HTML
  Rendering startup/index.html.erb within layouts/application
  Rendered startup/index.html.erb within layouts/application (1.0ms)
Completed 200 OK in 259ms (Views: 222.3ms)


Started GET "/startup/index" for 127.0.0.1 at 2018-03-17 02:49:03 -0700
Processing by StartupController#index as HTML
  Rendering startup/index.html.erb within layouts/application
  Rendered startup/index.html.erb within layouts/application (0.0ms)
Completed 200 OK in 237ms (Views: 203.9ms)


Started GET "/startup/index" for 127.0.0.1 at 2018-03-17 02:49:48 -0700
Processing by StartupController#index as HTML
  Rendering startup/index.html.erb within layouts/application
  Rendered startup/index.html.erb within layouts/application (1.0ms)
Completed 200 OK in 238ms (Views: 204.3ms)


Started GET "/startup/index" for 127.0.0.1 at 2018-03-17 02:50:29 -0700
Processing by StartupController#index as HTML
  Rendering startup/index.html.erb within layouts/application
  Rendered startup/index.html.erb within layouts/application (1.0ms)
Completed 200 OK in 298ms (Views: 228.2ms)


